
Apr 26, 2024 08:54:57.96 NEW SESSION
Apr 26, 2024 08:54:57.98 Created TensorFlow Lite XNNPACK delegate for CPU.
Apr 26, 2024 09:14:49.70 [25896:17764:0426/091449.699:ERROR:connection_factory_impl.cc(483)] ConnectionHandler failed with net error: -2
Apr 26, 2024 09:35:04.99 [25896:17764:0426/093504.991:ERROR:connection_factory_impl.cc(483)] ConnectionHandler failed with net error: -2
Apr 26, 2024 09:35:57.84 [25896:17764:0426/093557.846:ERROR:connection_factory_impl.cc(434)] Failed to connect to MCS endpoint with error -105
Apr 26, 2024 10:06:17.35 [25896:17764:0426/100617.347:ERROR:connection_factory_impl.cc(483)] ConnectionHandler failed with net error: -2
Apr 26, 2024 10:18:57.90 [25896:17764:0426/101857.906:ERROR:connection_factory_impl.cc(483)] ConnectionHandler failed with net error: -2
Apr 26, 2024 10:53:44.74 [25896:17764:0426/105344.743:ERROR:connection_factory_impl.cc(483)] ConnectionHandler failed with net error: -2
Apr 26, 2024 11:26:25.11 [25896:23132:0426/112625.112:ERROR:interface_endpoint_client.cc(707)] Message 1 rejected by interface blink.mojom.WidgetHost
Apr 26, 2024 11:36:36.32 [25896:17764:0426/113636.323:ERROR:connection_factory_impl.cc(483)] ConnectionHandler failed with net error: -2
Apr 26, 2024 11:36:36.34 [25896:17764:0426/113636.347:ERROR:connection_factory_impl.cc(483)] ConnectionHandler failed with net error: -2
Apr 26, 2024 11:46:33.76 [25896:23132:0426/114633.762:ERROR:interface_endpoint_client.cc(707)] Message 1 rejected by interface blink.mojom.WidgetHost
Apr 26, 2024 12:07:21.85 [25896:23132:0426/120721.850:ERROR:interface_endpoint_client.cc(707)] Message 1 rejected by interface blink.mojom.WidgetHost
Apr 26, 2024 12:57:46.76 [25896:17764:0426/125746.765:ERROR:connection_factory_impl.cc(483)] ConnectionHandler failed with net error: -2
Apr 26, 2024 12:57:46.76 [25896:17764:0426/125746.766:ERROR:connection_factory_impl.cc(483)] ConnectionHandler failed with net error: -2
Apr 26, 2024 13:37:09.75 [25896:17764:0426/133709.751:ERROR:connection_factory_impl.cc(434)] Failed to connect to MCS endpoint with error -105
Apr 26, 2024 13:37:20.79 [25896:17764:0426/133720.793:ERROR:connection_factory_impl.cc(434)] Failed to connect to MCS endpoint with error -105
Apr 26, 2024 13:37:20.80 [25896:17764:0426/133720.801:ERROR:connection_factory_impl.cc(434)] Failed to connect to MCS endpoint with error -105
Apr 26, 2024 13:37:31.92 [25896:17764:0426/133731.929:ERROR:connection_factory_impl.cc(434)] Failed to connect to MCS endpoint with error -105
Apr 26, 2024 13:37:31.94 [25896:17764:0426/133731.946:ERROR:connection_factory_impl.cc(434)] Failed to connect to MCS endpoint with error -105
Apr 26, 2024 13:37:53.98 [25896:17764:0426/133753.974:ERROR:connection_factory_impl.cc(434)] Failed to connect to MCS endpoint with error -105
Apr 26, 2024 13:37:54.01 [25896:17764:0426/133754.016:ERROR:connection_factory_impl.cc(434)] Failed to connect to MCS endpoint with error -105
Apr 26, 2024 13:38:00.00 [25896:23132:0426/133800.001:ERROR:device_event_log_impl.cc(195)] [13:38:00.004] USB: usb_service_win.cc:105 SetupDiGetDeviceProperty({{A45C254E-DF1C-4EFD-8020-67D146A850E0}, 6}) failed: Element not found. (0x490)
Apr 26, 2024 13:38:00.08 [25896:17764:0426/133800.089:ERROR:connection_factory_impl.cc(434)] Failed to connect to MCS endpoint with error -105
Apr 26, 2024 13:38:00.09 [25896:17764:0426/133800.089:ERROR:connection_factory_impl.cc(434)] Failed to connect to MCS endpoint with error -105
Apr 26, 2024 13:38:16.54 [25896:17764:0426/133816.546:ERROR:connection_factory_impl.cc(434)] Failed to connect to MCS endpoint with error -105
Apr 26, 2024 13:38:16.60 [25896:17764:0426/133816.602:ERROR:connection_factory_impl.cc(434)] Failed to connect to MCS endpoint with error -105
Apr 26, 2024 13:38:26.89 [25896:17764:0426/133826.890:ERROR:connection_factory_impl.cc(434)] Failed to connect to MCS endpoint with error -105
Apr 26, 2024 13:38:26.94 [25896:17764:0426/133826.946:ERROR:connection_factory_impl.cc(434)] Failed to connect to MCS endpoint with error -105
Apr 26, 2024 13:38:39.00 [25896:17764:0426/133839.009:ERROR:connection_factory_impl.cc(434)] Failed to connect to MCS endpoint with error -105
Apr 26, 2024 13:38:39.02 [25896:17764:0426/133839.021:ERROR:connection_factory_impl.cc(434)] Failed to connect to MCS endpoint with error -105
Apr 26, 2024 13:38:55.36 [25896:17764:0426/133855.362:ERROR:connection_factory_impl.cc(434)] Failed to connect to MCS endpoint with error -105
Apr 26, 2024 13:38:55.36 [25896:17764:0426/133855.362:ERROR:connection_factory_impl.cc(434)] Failed to connect to MCS endpoint with error -105
Apr 26, 2024 15:04:35.02 [25896:17764:0426/150435.019:ERROR:connection_factory_impl.cc(483)] ConnectionHandler failed with net error: -2
Apr 26, 2024 15:04:35.03 [25896:17764:0426/150435.019:ERROR:connection_factory_impl.cc(483)] ConnectionHandler failed with net error: -2
Apr 26, 2024 15:18:44.15 [25896:17764:0426/151844.155:ERROR:connection_factory_impl.cc(483)] ConnectionHandler failed with net error: -2
Apr 26, 2024 15:18:44.15 [25896:17764:0426/151844.155:ERROR:connection_factory_impl.cc(483)] ConnectionHandler failed with net error: -2
Apr 26, 2024 15:18:47.85 [25896:17764:0426/151847.859:ERROR:connection_factory_impl.cc(434)] Failed to connect to MCS endpoint with error -105
Apr 26, 2024 15:18:47.87 [25896:17764:0426/151847.859:ERROR:connection_factory_impl.cc(434)] Failed to connect to MCS endpoint with error -105
Apr 26, 2024 15:39:30.49 [25896:23132:0426/153930.493:ERROR:device_event_log_impl.cc(195)] [15:39:30.483] USB: usb_service_win.cc:105 SetupDiGetDeviceProperty({{A45C254E-DF1C-4EFD-8020-67D146A850E0}, 6}) failed: Element not found. (0x490)
Apr 26, 2024 15:49:57.53 [25896:17764:0426/154957.536:ERROR:connection_factory_impl.cc(483)] ConnectionHandler failed with net error: -2
Apr 26, 2024 15:49:57.53 [25896:17764:0426/154957.537:ERROR:connection_factory_impl.cc(483)] ConnectionHandler failed with net error: -2
Apr 26, 2024 15:51:28.01 [25896:17764:0426/155128.014:ERROR:connection_factory_impl.cc(483)] ConnectionHandler failed with net error: -2
Apr 26, 2024 15:51:28.01 [25896:17764:0426/155128.014:ERROR:connection_factory_impl.cc(483)] ConnectionHandler failed with net error: -2
Apr 26, 2024 17:04:05.02 [25896:17764:0426/170405.021:ERROR:connection_factory_impl.cc(434)] Failed to connect to MCS endpoint with error -105
Apr 26, 2024 17:04:05.02 [25896:17764:0426/170405.021:ERROR:connection_factory_impl.cc(434)] Failed to connect to MCS endpoint with error -105
Apr 26, 2024 17:04:17.07 [25896:17764:0426/170417.077:ERROR:connection_factory_impl.cc(434)] Failed to connect to MCS endpoint with error -105
Apr 26, 2024 17:04:17.07 [25896:17764:0426/170417.077:ERROR:connection_factory_impl.cc(434)] Failed to connect to MCS endpoint with error -105

Apr 28, 2024 01:21:14.68 NEW SESSION
Apr 28, 2024 01:21:14.69 [15976:9500:0428/012114.580:ERROR:chrome_browser_cloud_management_controller.cc(161)] Cloud management controller initialization aborted as CBCM is not enabled. Please use the `--enable-chrome-browser-cloud-management` command line flag to enable it if you are not using the official Google Chrome build.
Apr 28, 2024 01:21:20.11 [15976:9500:0428/012120.118:ERROR:CONSOLE(2)] "Blocked autofocusing on a <cib-action-bar> element in a cross-origin subframe.", source: https://edgeservices.bing.com/rp/tRLt-lDjrY9EBk54BUQwMvjMmyg.br.js (2)
Apr 28, 2024 01:21:20.14 [15976:9500:0428/012120.149:ERROR:CONSOLE(2)] "Blocked autofocusing on a <textarea> element in a cross-origin subframe.", source: https://edgeservices.bing.com/rp/tRLt-lDjrY9EBk54BUQwMvjMmyg.br.js (2)
Apr 28, 2024 01:21:46.15 [15976:9500:0428/012146.153:ERROR:CONSOLE(2)] "Blocked autofocusing on a <cib-action-bar> element in a cross-origin subframe.", source: https://edgeservices.bing.com/rp/tRLt-lDjrY9EBk54BUQwMvjMmyg.br.js (2)
Apr 28, 2024 01:21:46.19 [15976:9500:0428/012146.197:ERROR:CONSOLE(2)] "Blocked autofocusing on a <textarea> element in a cross-origin subframe.", source: https://edgeservices.bing.com/rp/tRLt-lDjrY9EBk54BUQwMvjMmyg.br.js (2)

Apr 28, 2024 13:53:36.91 NEW SESSION
Apr 28, 2024 13:53:36.93 [2764:7676:0428/135336.915:ERROR:chrome_browser_cloud_management_controller.cc(161)] Cloud management controller initialization aborted as CBCM is not enabled. Please use the `--enable-chrome-browser-cloud-management` command line flag to enable it if you are not using the official Google Chrome build.
Apr 28, 2024 13:54:09.92 [2764:7676:0428/135409.921:ERROR:CONSOLE(2)] "Blocked autofocusing on a <cib-action-bar> element in a cross-origin subframe.", source: https://edgeservices.bing.com/rp/tRLt-lDjrY9EBk54BUQwMvjMmyg.br.js (2)
Apr 28, 2024 13:54:09.98 [2764:7676:0428/135409.987:ERROR:CONSOLE(2)] "Blocked autofocusing on a <textarea> element in a cross-origin subframe.", source: https://edgeservices.bing.com/rp/tRLt-lDjrY9EBk54BUQwMvjMmyg.br.js (2)
Apr 28, 2024 14:29:56.04 [2764:7676:0428/142956.041:ERROR:fallback_task_provider.cc(127)] Every renderer should have at least one task provided by a primary task provider. If a "Renderer" fallback task is shown, it is a bug. If you have repro steps, please file a new bug and tag it as a dependency of crbug.com/739782.
Apr 28, 2024 14:36:45.69 [2764:7676:0428/143645.689:ERROR:fallback_task_provider.cc(127)] Every renderer should have at least one task provided by a primary task provider. If a "Renderer" fallback task is shown, it is a bug. If you have repro steps, please file a new bug and tag it as a dependency of crbug.com/739782.
Apr 28, 2024 14:39:56.55 [2764:7676:0428/143956.554:ERROR:fallback_task_provider.cc(127)] Every renderer should have at least one task provided by a primary task provider. If a "Renderer" fallback task is shown, it is a bug. If you have repro steps, please file a new bug and tag it as a dependency of crbug.com/739782.
Apr 28, 2024 14:57:26.06 [2764:4392:0428/145726.059:ERROR:commit_contribution_impl.cc(241)] Server reports commit message is invalid.
Apr 28, 2024 14:58:42.18 [2764:4392:0428/145842.181:ERROR:commit_contribution_impl.cc(241)] Server reports commit message is invalid.
Apr 28, 2024 14:58:42.18 [2764:4392:0428/145842.181:ERROR:commit_contribution_impl.cc(241)] Server reports commit message is invalid.
Apr 28, 2024 14:58:44.16 [2764:4392:0428/145844.167:ERROR:edge_encryption_keys_fetcher.cc(545)] HandleErrorCode GetKeyDataResponse Success=false
Apr 28, 2024 14:58:44.16 [2764:4392:0428/145844.168:ERROR:edge_encryption_keys_fetcher.cc(283)] Get keydata failed: Response Code (bogus on error): 400 Content-Length (bogus on error): 676 X-AFS-Tracking:  Server Status: SYNC_AUTH_ERROR
Apr 28, 2024 14:58:44.49 [2764:4392:0428/145844.497:ERROR:edge_encryption_keys_fetcher.cc(545)] HandleErrorCode GetKeyDataResponse Success=false
Apr 28, 2024 14:58:44.49 [2764:4392:0428/145844.497:ERROR:edge_encryption_keys_fetcher.cc(283)] Get keydata failed: Response Code (bogus on error): 400 Content-Length (bogus on error): 676 X-AFS-Tracking:  Server Status: SYNC_AUTH_ERROR
Apr 28, 2024 15:00:35.59 [2764:4392:0428/150035.595:ERROR:commit_contribution_impl.cc(241)] Server reports commit message is invalid.
Apr 28, 2024 15:00:35.59 [2764:4392:0428/150035.595:ERROR:commit_contribution_impl.cc(241)] Server reports commit message is invalid.
Apr 28, 2024 15:01:03.69 [2764:7676:0428/150103.694:ERROR:fallback_task_provider.cc(127)] Every renderer should have at least one task provided by a primary task provider. If a "Renderer" fallback task is shown, it is a bug. If you have repro steps, please file a new bug and tag it as a dependency of crbug.com/739782.
Apr 28, 2024 15:05:17.70 [2764:5112:0428/150517.702:ERROR:commit_contribution_impl.cc(241)] Server reports commit message is invalid.
Apr 28, 2024 15:05:17.70 [2764:5112:0428/150517.702:ERROR:commit_contribution_impl.cc(241)] Server reports commit message is invalid.
Apr 28, 2024 15:12:20.41 [2764:4392:0428/151220.415:ERROR:commit_contribution_impl.cc(241)] Server reports commit message is invalid.
Apr 28, 2024 15:12:20.41 [2764:4392:0428/151220.415:ERROR:commit_contribution_impl.cc(241)] Server reports commit message is invalid.
Apr 28, 2024 15:22:54.12 [2764:4392:0428/152254.119:ERROR:commit_contribution_impl.cc(241)] Server reports commit message is invalid.
Apr 28, 2024 15:22:54.12 [2764:4392:0428/152254.119:ERROR:commit_contribution_impl.cc(241)] Server reports commit message is invalid.
Apr 28, 2024 15:38:44.30 [2764:4392:0428/153844.306:ERROR:commit_contribution_impl.cc(241)] Server reports commit message is invalid.
Apr 28, 2024 15:38:44.30 [2764:4392:0428/153844.306:ERROR:commit_contribution_impl.cc(241)] Server reports commit message is invalid.

Apr 28, 2024 19:43:54.21 NEW SESSION
Apr 28, 2024 19:43:54.23 [1836:4268:0428/194354.215:ERROR:chrome_browser_cloud_management_controller.cc(161)] Cloud management controller initialization aborted as CBCM is not enabled. Please use the `--enable-chrome-browser-cloud-management` command line flag to enable it if you are not using the official Google Chrome build.
Apr 28, 2024 19:44:25.51 [1836:4268:0428/194425.502:ERROR:fallback_task_provider.cc(127)] Every renderer should have at least one task provided by a primary task provider. If a "Renderer" fallback task is shown, it is a bug. If you have repro steps, please file a new bug and tag it as a dependency of crbug.com/739782.
Apr 28, 2024 19:44:25.71 [1836:4268:0428/194425.707:ERROR:fallback_task_provider.cc(127)] Every renderer should have at least one task provided by a primary task provider. If a "Renderer" fallback task is shown, it is a bug. If you have repro steps, please file a new bug and tag it as a dependency of crbug.com/739782.
Apr 28, 2024 19:44:28.68 [1836:4268:0428/194428.679:ERROR:CONSOLE(2)] "Blocked autofocusing on a <cib-action-bar> element in a cross-origin subframe.", source: https://edgeservices.bing.com/rp/tRLt-lDjrY9EBk54BUQwMvjMmyg.br.js (2)
Apr 28, 2024 19:44:28.77 [1836:4268:0428/194428.772:ERROR:CONSOLE(2)] "Blocked autofocusing on a <textarea> element in a cross-origin subframe.", source: https://edgeservices.bing.com/rp/tRLt-lDjrY9EBk54BUQwMvjMmyg.br.js (2)
Apr 28, 2024 19:46:03.90 [1836:4268:0428/194603.906:ERROR:fallback_task_provider.cc(127)] Every renderer should have at least one task provided by a primary task provider. If a "Renderer" fallback task is shown, it is a bug. If you have repro steps, please file a new bug and tag it as a dependency of crbug.com/739782.
Apr 29, 2024 09:16:08.67 [1836:12076:0429/091608.668:ERROR:get_updates_processor.cc(399)] PostClientToServerMessage() failed during GetUpdates with error Network error (ERR_INTERNET_DISCONNECTED)

Apr 29, 2024 10:15:45.06 NEW SESSION
Apr 29, 2024 10:15:45.09 [5872:12272:0429/101545.067:ERROR:chrome_browser_cloud_management_controller.cc(161)] Cloud management controller initialization aborted as CBCM is not enabled. Please use the `--enable-chrome-browser-cloud-management` command line flag to enable it if you are not using the official Google Chrome build.
Apr 29, 2024 10:15:50.61 [5872:12272:0429/101550.610:ERROR:fallback_task_provider.cc(127)] Every renderer should have at least one task provided by a primary task provider. If a "Renderer" fallback task is shown, it is a bug. If you have repro steps, please file a new bug and tag it as a dependency of crbug.com/739782.
Apr 29, 2024 10:15:51.59 [5872:12272:0429/101551.593:ERROR:fallback_task_provider.cc(127)] Every renderer should have at least one task provided by a primary task provider. If a "Renderer" fallback task is shown, it is a bug. If you have repro steps, please file a new bug and tag it as a dependency of crbug.com/739782.
Apr 29, 2024 10:15:53.27 [5872:12272:0429/101553.276:ERROR:fallback_task_provider.cc(127)] Every renderer should have at least one task provided by a primary task provider. If a "Renderer" fallback task is shown, it is a bug. If you have repro steps, please file a new bug and tag it as a dependency of crbug.com/739782.
Apr 29, 2024 10:15:59.57 [5872:12272:0429/101559.572:ERROR:CONSOLE(2)] "Blocked autofocusing on a <cib-action-bar> element in a cross-origin subframe.", source: https://edgeservices.bing.com/rp/tRLt-lDjrY9EBk54BUQwMvjMmyg.br.js (2)
Apr 29, 2024 10:15:59.66 [5872:12272:0429/101559.663:ERROR:CONSOLE(2)] "Blocked autofocusing on a <textarea> element in a cross-origin subframe.", source: https://edgeservices.bing.com/rp/tRLt-lDjrY9EBk54BUQwMvjMmyg.br.js (2)
Apr 29, 2024 10:16:18.10 [5872:12272:0429/101618.100:ERROR:CONSOLE(2)] "Blocked autofocusing on a <cib-action-bar> element in a cross-origin subframe.", source: https://edgeservices.bing.com/rp/tRLt-lDjrY9EBk54BUQwMvjMmyg.br.js (2)
Apr 29, 2024 10:16:18.15 [5872:12272:0429/101618.149:ERROR:CONSOLE(2)] "Blocked autofocusing on a <textarea> element in a cross-origin subframe.", source: https://edgeservices.bing.com/rp/tRLt-lDjrY9EBk54BUQwMvjMmyg.br.js (2)
Apr 29, 2024 10:39:25.61 [5872:12272:0429/103925.612:ERROR:device_event_log_impl.cc(239)] [10:39:25.612] USB: usb_service_win.cc:105 SetupDiGetDeviceProperty({{A45C254E-DF1C-4EFD-8020-67D146A850E0}, 6}) failed: Element not found. (0x490)

May 08, 2024 20:57:19.88 NEW SESSION
May 08, 2024 20:57:19.90 [23772:2300:0508/205719.870:ERROR:chrome_browser_cloud_management_controller.cc(161)] Cloud management controller initialization aborted as CBCM is not enabled. Please use the `--enable-chrome-browser-cloud-management` command line flag to enable it if you are not using the official Google Chrome build.
May 08, 2024 20:57:26.05 [23772:2300:0508/205726.042:ERROR:fallback_task_provider.cc(127)] Every renderer should have at least one task provided by a primary task provider. If a "Renderer" fallback task is shown, it is a bug. If you have repro steps, please file a new bug and tag it as a dependency of crbug.com/739782.
May 08, 2024 20:57:28.70 [23772:2300:0508/205728.708:ERROR:CONSOLE(2)] "Blocked autofocusing on a <cib-action-bar> element in a cross-origin subframe.", source: https://edgeservices.bing.com/rp/V6IKxmcE5rJ2bGlG-v3sIvR-550.br.js (2)
May 08, 2024 20:57:28.79 [23772:2300:0508/205728.795:ERROR:CONSOLE(2)] "Blocked autofocusing on a <textarea> element in a cross-origin subframe.", source: https://edgeservices.bing.com/rp/V6IKxmcE5rJ2bGlG-v3sIvR-550.br.js (2)
May 08, 2024 20:57:47.37 [23772:2300:0508/205747.373:ERROR:fallback_task_provider.cc(127)] Every renderer should have at least one task provided by a primary task provider. If a "Renderer" fallback task is shown, it is a bug. If you have repro steps, please file a new bug and tag it as a dependency of crbug.com/739782.
May 08, 2024 20:57:51.66 [23772:2300:0508/205751.666:ERROR:CONSOLE(2)] "Blocked autofocusing on a <cib-action-bar> element in a cross-origin subframe.", source: https://edgeservices.bing.com/rp/V6IKxmcE5rJ2bGlG-v3sIvR-550.br.js (2)
May 08, 2024 20:57:51.73 [23772:2300:0508/205751.735:ERROR:CONSOLE(2)] "Blocked autofocusing on a <textarea> element in a cross-origin subframe.", source: https://edgeservices.bing.com/rp/V6IKxmcE5rJ2bGlG-v3sIvR-550.br.js (2)
May 08, 2024 21:30:55.59 [23772:2300:0508/213055.592:ERROR:fallback_task_provider.cc(127)] Every renderer should have at least one task provided by a primary task provider. If a "Renderer" fallback task is shown, it is a bug. If you have repro steps, please file a new bug and tag it as a dependency of crbug.com/739782.
May 08, 2024 21:37:42.76 [23772:2300:0508/213742.762:ERROR:fallback_task_provider.cc(127)] Every renderer should have at least one task provided by a primary task provider. If a "Renderer" fallback task is shown, it is a bug. If you have repro steps, please file a new bug and tag it as a dependency of crbug.com/739782.
May 08, 2024 21:40:58.02 [23772:2300:0508/214058.021:ERROR:fallback_task_provider.cc(127)] Every renderer should have at least one task provided by a primary task provider. If a "Renderer" fallback task is shown, it is a bug. If you have repro steps, please file a new bug and tag it as a dependency of crbug.com/739782.
May 08, 2024 21:47:47.26 [23772:2300:0508/214747.259:ERROR:fallback_task_provider.cc(127)] Every renderer should have at least one task provided by a primary task provider. If a "Renderer" fallback task is shown, it is a bug. If you have repro steps, please file a new bug and tag it as a dependency of crbug.com/739782.
May 08, 2024 22:52:05.81 [23772:2300:0508/225205.813:ERROR:fallback_task_provider.cc(127)] Every renderer should have at least one task provided by a primary task provider. If a "Renderer" fallback task is shown, it is a bug. If you have repro steps, please file a new bug and tag it as a dependency of crbug.com/739782.
May 09, 2024 24:57:37.63 [23772:15608:0509/005737.636:ERROR:get_updates_processor.cc(399)] PostClientToServerMessage() failed during GetUpdates with error Network error (ERR_NAME_NOT_RESOLVED)
May 09, 2024 01:35:50.10 [23772:2300:0509/013550.106:ERROR:fallback_task_provider.cc(127)] Every renderer should have at least one task provided by a primary task provider. If a "Renderer" fallback task is shown, it is a bug. If you have repro steps, please file a new bug and tag it as a dependency of crbug.com/739782.
May 09, 2024 01:39:45.22 [23772:2300:0509/013945.221:ERROR:fallback_task_provider.cc(127)] Every renderer should have at least one task provided by a primary task provider. If a "Renderer" fallback task is shown, it is a bug. If you have repro steps, please file a new bug and tag it as a dependency of crbug.com/739782.
May 09, 2024 01:39:45.71 [23772:2300:0509/013945.716:ERROR:fallback_task_provider.cc(127)] Every renderer should have at least one task provided by a primary task provider. If a "Renderer" fallback task is shown, it is a bug. If you have repro steps, please file a new bug and tag it as a dependency of crbug.com/739782.
May 09, 2024 01:44:29.58 [23772:2300:0509/014429.578:ERROR:fallback_task_provider.cc(127)] Every renderer should have at least one task provided by a primary task provider. If a "Renderer" fallback task is shown, it is a bug. If you have repro steps, please file a new bug and tag it as a dependency of crbug.com/739782.
May 09, 2024 01:59:18.49 [23772:2300:0509/015918.495:ERROR:chrome_web_ui_controller_factory.cc(1679)] Requested load of chrome://newtab/ for incorrect profile type.
May 09, 2024 01:59:18.50 [23772:2300:0509/015918.500:ERROR:chrome_web_ui_controller_factory.cc(1679)] Requested load of chrome://newtab/ for incorrect profile type.
May 09, 2024 01:59:20.93 [23772:9008:0509/015920.931:ERROR:cert_issuer_source_aia.cc(35)] Error parsing cert retrieved from AIA (as DER):
May 09, 2024 01:59:20.93 ERROR: Couldn't read tbsCertificate as SEQUENCE
May 09, 2024 01:59:20.93 ERROR: Failed parsing Certificate
May 09, 2024 01:59:20.93 
May 09, 2024 01:59:21.07 [23772:9008:0509/015921.076:ERROR:cert_verify_proc_builtin.cc(1058)] CertVerifyProcBuiltin for code.yengo.com failed:
May 09, 2024 01:59:21.07 ----- Certificate i=0 (CN=code.yengo.com) -----
May 09, 2024 01:59:21.07 ERROR: Time is after notAfter
May 09, 2024 01:59:21.07 
May 09, 2024 01:59:21.07 
May 09, 2024 01:59:22.49 [23772:2300:0509/015922.495:ERROR:chrome_web_ui_controller_factory.cc(1679)] Requested load of chrome://newtab/ for incorrect profile type.

May 09, 2024 07:10:07.24 NEW SESSION
May 09, 2024 07:10:07.25 [7600:18764:0509/071007.244:ERROR:chrome_browser_cloud_management_controller.cc(161)] Cloud management controller initialization aborted as CBCM is not enabled. Please use the `--enable-chrome-browser-cloud-management` command line flag to enable it if you are not using the official Google Chrome build.
May 09, 2024 07:10:12.71 [7600:18764:0509/071012.711:ERROR:CONSOLE(2)] "Blocked autofocusing on a <cib-action-bar> element in a cross-origin subframe.", source: https://edgeservices.bing.com/rp/V6IKxmcE5rJ2bGlG-v3sIvR-550.br.js (2)
May 09, 2024 07:10:12.74 [7600:18764:0509/071012.749:ERROR:CONSOLE(2)] "Blocked autofocusing on a <textarea> element in a cross-origin subframe.", source: https://edgeservices.bing.com/rp/V6IKxmcE5rJ2bGlG-v3sIvR-550.br.js (2)
May 09, 2024 07:10:38.69 [7600:18764:0509/071038.689:ERROR:CONSOLE(2)] "Blocked autofocusing on a <cib-action-bar> element in a cross-origin subframe.", source: https://edgeservices.bing.com/rp/V6IKxmcE5rJ2bGlG-v3sIvR-550.br.js (2)
May 09, 2024 07:10:38.73 [7600:18764:0509/071038.738:ERROR:CONSOLE(2)] "Blocked autofocusing on a <textarea> element in a cross-origin subframe.", source: https://edgeservices.bing.com/rp/V6IKxmcE5rJ2bGlG-v3sIvR-550.br.js (2)
May 09, 2024 07:22:47.05 [7600:18764:0509/072247.055:ERROR:fallback_task_provider.cc(127)] Every renderer should have at least one task provided by a primary task provider. If a "Renderer" fallback task is shown, it is a bug. If you have repro steps, please file a new bug and tag it as a dependency of crbug.com/739782.
May 09, 2024 07:41:38.64 [7600:21328:0509/074138.641:ERROR:commit_contribution_impl.cc(241)] Server reports commit message is invalid.
May 09, 2024 07:41:38.64 [7600:21328:0509/074138.641:ERROR:commit_contribution_impl.cc(241)] Server reports commit message is invalid.
May 09, 2024 07:42:54.71 [7600:21328:0509/074254.713:ERROR:commit_contribution_impl.cc(241)] Server reports commit message is invalid.
May 09, 2024 07:42:54.71 [7600:21328:0509/074254.713:ERROR:commit_contribution_impl.cc(241)] Server reports commit message is invalid.
May 09, 2024 07:46:03.18 [7600:21328:0509/074603.186:ERROR:commit_contribution_impl.cc(241)] Server reports commit message is invalid.
May 09, 2024 07:46:03.19 [7600:21328:0509/074603.186:ERROR:commit_contribution_impl.cc(241)] Server reports commit message is invalid.
May 09, 2024 07:53:53.52 [7600:21328:0509/075353.525:ERROR:commit_contribution_impl.cc(241)] Server reports commit message is invalid.
May 09, 2024 07:53:53.52 [7600:21328:0509/075353.525:ERROR:commit_contribution_impl.cc(241)] Server reports commit message is invalid.
May 09, 2024 08:05:38.06 [7600:21328:0509/080538.061:ERROR:commit_contribution_impl.cc(241)] Server reports commit message is invalid.
May 09, 2024 08:05:38.06 [7600:21328:0509/080538.061:ERROR:commit_contribution_impl.cc(241)] Server reports commit message is invalid.

Jul 25, 2024 22:22:41.97 NEW SESSION
Jul 25, 2024 22:22:41.99 [20788:20660:0725/222241.971:ERROR:fallback_task_provider.cc(127)] Every renderer should have at least one task provided by a primary task provider. If a "Renderer" fallback task is shown, it is a bug. If you have repro steps, please file a new bug and tag it as a dependency of crbug.com/739782.
Jul 25, 2024 22:22:44.73 [20788:21184:0725/222244.736:ERROR:cert_verify_proc_builtin.cc(1057)] CertVerifyProcBuiltin for prod5c.rewardsplatform.microsoft.com failed:
Jul 25, 2024 22:22:44.73 ----- Certificate i=0 (CN=Kubernetes Ingress Controller Fake Certificate,O=Acme Co) -----
Jul 25, 2024 22:22:44.73 ERROR: No matching issuer found
Jul 25, 2024 22:22:44.73 
Jul 25, 2024 22:22:44.74 

Aug 22, 2024 18:12:59.35 NEW SESSION
Aug 22, 2024 18:12:59.35 [15676:18560:0822/181259.351:ERROR:cert_verify_proc_builtin.cc(1069)] CertVerifyProcBuiltin for prod5c.rewardsplatform.microsoft.com failed:
Aug 22, 2024 18:12:59.42 ----- Certificate i=0 (CN=Kubernetes Ingress Controller Fake Certificate,O=Acme Co) -----
Aug 22, 2024 18:12:59.42 ERROR: No matching issuer found
Aug 22, 2024 18:12:59.44 
Aug 22, 2024 18:12:59.44 
Aug 22, 2024 18:13:04.22 [15676:10256:0822/181304.224:ERROR:CONSOLE(2)] "Blocked autofocusing on a <cib-action-bar> element in a cross-origin subframe.", source: https://edgeservices.bing.com/rp/ChzXC3MbTxtfak7lUA9K77l8edk.gz.js (2)
Aug 22, 2024 18:13:04.29 [15676:10256:0822/181304.291:ERROR:CONSOLE(2)] "Blocked autofocusing on a <textarea> element in a cross-origin subframe.", source: https://edgeservices.bing.com/rp/ChzXC3MbTxtfak7lUA9K77l8edk.gz.js (2)
Aug 22, 2024 18:13:04.32 [15676:10256:0822/181304.321:ERROR:CONSOLE(2)] "Refused to create a TrustedTypePolicy named 'dompurify' because a policy with that name already exists and the Content Security Policy directive does not 'allow-duplicates': "trusted-types default fast-html @azure/ms-rest-js#xml.browser adaptivecards#deprecatedExportedFunctionPolicy adaptivecards#markdownPassthroughPolicy adaptivecards#restoreContentsPolicy dompurify lit-html".", source: https://edgeservices.bing.com/rp/-UAIppANYxiGpRWJy2NDph4qOEw.gz.js (2)
Aug 22, 2024 18:13:28.14 [15676:10256:0822/181328.141:ERROR:CONSOLE(2)] "Blocked autofocusing on a <cib-action-bar> element in a cross-origin subframe.", source: https://edgeservices.bing.com/rp/ChzXC3MbTxtfak7lUA9K77l8edk.gz.js (2)
Aug 22, 2024 18:13:28.18 [15676:10256:0822/181328.183:ERROR:CONSOLE(2)] "Blocked autofocusing on a <textarea> element in a cross-origin subframe.", source: https://edgeservices.bing.com/rp/ChzXC3MbTxtfak7lUA9K77l8edk.gz.js (2)
Aug 23, 2024 09:33:47.50 [15676:25440:0823/093347.508:ERROR:edge_encryption_keys_fetcher.cc(283)] Get keydata failed: Response Code (bogus on error): -1 Content-Length (bogus on error): -1 X-AFS-Tracking:  Server Status: CONNECTION_UNAVAILABLE
Aug 23, 2024 09:39:41.31 [15676:10256:0823/093941.311:ERROR:device_event_log_impl.cc(240)] [09:39:41.311] USB: usb_service_win.cc:105 SetupDiGetDeviceProperty({{A45C254E-DF1C-4EFD-8020-67D146A850E0}, 6}) failed: Element not found. (0x490)
Aug 23, 2024 10:52:04.08 [15676:10256:0823/105204.084:ERROR:device_event_log_impl.cc(240)] [10:52:04.084] USB: usb_service_win.cc:105 SetupDiGetDeviceProperty({{A45C254E-DF1C-4EFD-8020-67D146A850E0}, 6}) failed: Element not found. (0x490)
Aug 23, 2024 12:16:18.19 [15676:10256:0823/121618.195:ERROR:device_event_log_impl.cc(240)] [12:16:18.180] USB: usb_service_win.cc:105 SetupDiGetDeviceProperty({{A45C254E-DF1C-4EFD-8020-67D146A850E0}, 6}) failed: Element not found. (0x490)
Aug 23, 2024 18:52:26.59 [15676:26988:0823/185226.595:ERROR:get_updates_processor.cc(401)] PostClientToServerMessage() failed during GetUpdates with error Network error (ERR_NETWORK_CHANGED)

Aug 24, 2024 12:50:40.38 NEW SESSION
Aug 24, 2024 12:50:40.39 [19904:19980:0824/125040.272:ERROR:CONSOLE(2)] "Blocked autofocusing on a <cib-action-bar> element in a cross-origin subframe.", source: https://edgeservices.bing.com/rp/zvLefQDs3K1msJjc3pOXr6yakFg.gz.js (2)
Aug 24, 2024 12:50:40.41 [19904:19980:0824/125040.360:ERROR:CONSOLE(2)] "Blocked autofocusing on a <textarea> element in a cross-origin subframe.", source: https://edgeservices.bing.com/rp/zvLefQDs3K1msJjc3pOXr6yakFg.gz.js (2)
Aug 24, 2024 12:50:40.41 [19904:19980:0824/125040.406:ERROR:CONSOLE(2)] "Refused to create a TrustedTypePolicy named 'dompurify' because a policy with that name already exists and the Content Security Policy directive does not 'allow-duplicates': "trusted-types default fast-html @azure/ms-rest-js#xml.browser adaptivecards#deprecatedExportedFunctionPolicy adaptivecards#markdownPassthroughPolicy adaptivecards#restoreContentsPolicy dompurify lit-html".", source: https://edgeservices.bing.com/rp/-UAIppANYxiGpRWJy2NDph4qOEw.gz.js (2)
Aug 24, 2024 12:51:07.19 [19904:19980:0824/125107.198:ERROR:CONSOLE(2)] "Blocked autofocusing on a <cib-action-bar> element in a cross-origin subframe.", source: https://edgeservices.bing.com/rp/zvLefQDs3K1msJjc3pOXr6yakFg.gz.js (2)
Aug 24, 2024 12:51:07.25 [19904:19980:0824/125107.255:ERROR:CONSOLE(2)] "Blocked autofocusing on a <textarea> element in a cross-origin subframe.", source: https://edgeservices.bing.com/rp/zvLefQDs3K1msJjc3pOXr6yakFg.gz.js (2)
Aug 24, 2024 13:15:47.96 [19904:19980:0824/131547.968:ERROR:fallback_task_provider.cc(127)] Every renderer should have at least one task provided by a primary task provider. If a "Renderer" fallback task is shown, it is a bug. If you have repro steps, please file a new bug and tag it as a dependency of crbug.com/739782.
Aug 24, 2024 14:00:39.70 [19904:19980:0824/140039.700:ERROR:device_event_log_impl.cc(240)] [14:00:39.699] USB: usb_service_win.cc:105 SetupDiGetDeviceProperty({{A45C254E-DF1C-4EFD-8020-67D146A850E0}, 6}) failed: Element not found. (0x490)
Aug 24, 2024 14:06:16.47 [19904:19980:0824/140616.472:ERROR:fallback_task_provider.cc(127)] Every renderer should have at least one task provided by a primary task provider. If a "Renderer" fallback task is shown, it is a bug. If you have repro steps, please file a new bug and tag it as a dependency of crbug.com/739782.
Aug 24, 2024 14:06:20.73 [19904:19980:0824/140620.739:ERROR:fallback_task_provider.cc(127)] Every renderer should have at least one task provided by a primary task provider. If a "Renderer" fallback task is shown, it is a bug. If you have repro steps, please file a new bug and tag it as a dependency of crbug.com/739782.
Aug 24, 2024 14:06:24.25 [19904:19980:0824/140624.256:ERROR:fallback_task_provider.cc(127)] Every renderer should have at least one task provided by a primary task provider. If a "Renderer" fallback task is shown, it is a bug. If you have repro steps, please file a new bug and tag it as a dependency of crbug.com/739782.
Aug 24, 2024 14:43:51.89 [19904:19980:0824/144351.895:ERROR:fallback_task_provider.cc(127)] Every renderer should have at least one task provided by a primary task provider. If a "Renderer" fallback task is shown, it is a bug. If you have repro steps, please file a new bug and tag it as a dependency of crbug.com/739782.
Aug 24, 2024 15:01:54.52 [19904:19980:0824/150154.524:ERROR:device_event_log_impl.cc(240)] [15:01:54.523] USB: usb_service_win.cc:105 SetupDiGetDeviceProperty({{A45C254E-DF1C-4EFD-8020-67D146A850E0}, 6}) failed: Element not found. (0x490)
Aug 24, 2024 16:18:50.73 [19904:19980:0824/161850.736:ERROR:device_event_log_impl.cc(240)] [16:18:50.737] USB: usb_service_win.cc:105 SetupDiGetDeviceProperty({{A45C254E-DF1C-4EFD-8020-67D146A850E0}, 6}) failed: Element not found. (0x490)
Aug 24, 2024 16:23:23.56 [19904:19980:0824/162323.568:ERROR:fallback_task_provider.cc(127)] Every renderer should have at least one task provided by a primary task provider. If a "Renderer" fallback task is shown, it is a bug. If you have repro steps, please file a new bug and tag it as a dependency of crbug.com/739782.
Aug 24, 2024 16:23:31.05 [19904:19980:0824/162331.058:ERROR:fallback_task_provider.cc(127)] Every renderer should have at least one task provided by a primary task provider. If a "Renderer" fallback task is shown, it is a bug. If you have repro steps, please file a new bug and tag it as a dependency of crbug.com/739782.
Aug 24, 2024 16:23:35.96 [19904:19980:0824/162335.964:ERROR:fallback_task_provider.cc(127)] Every renderer should have at least one task provided by a primary task provider. If a "Renderer" fallback task is shown, it is a bug. If you have repro steps, please file a new bug and tag it as a dependency of crbug.com/739782.
Aug 24, 2024 16:28:12.08 [19904:19980:0824/162812.081:ERROR:autofill_popup_view_edge_views.cc(1054)] HasFocusnot implemented.
Aug 24, 2024 16:33:39.20 [19904:19980:0824/163339.191:ERROR:autofill_popup_view_edge_views.cc(1054)] HasFocusnot implemented.

Aug 25, 2024 16:53:48.14 NEW SESSION
Aug 25, 2024 16:53:48.15 [14320:13668:0825/165348.145:ERROR:CONSOLE(2)] "Blocked autofocusing on a <cib-action-bar> element in a cross-origin subframe.", source: https://edgeservices.bing.com/rp/zvLefQDs3K1msJjc3pOXr6yakFg.gz.js (2)
Aug 25, 2024 16:53:48.19 [14320:13668:0825/165348.194:ERROR:CONSOLE(2)] "Blocked autofocusing on a <textarea> element in a cross-origin subframe.", source: https://edgeservices.bing.com/rp/zvLefQDs3K1msJjc3pOXr6yakFg.gz.js (2)
Aug 25, 2024 16:53:48.21 [14320:13668:0825/165348.216:ERROR:CONSOLE(2)] "Refused to create a TrustedTypePolicy named 'dompurify' because a policy with that name already exists and the Content Security Policy directive does not 'allow-duplicates': "trusted-types default fast-html @azure/ms-rest-js#xml.browser adaptivecards#deprecatedExportedFunctionPolicy adaptivecards#markdownPassthroughPolicy adaptivecards#restoreContentsPolicy dompurify lit-html".", source: https://edgeservices.bing.com/rp/-UAIppANYxiGpRWJy2NDph4qOEw.gz.js (2)

Aug 28, 2024 22:29:10.42 NEW SESSION
Aug 28, 2024 22:29:11.46 [21488:11116:0828/222910.377:ERROR:fallback_task_provider.cc(127)] Every renderer should have at least one task provided by a primary task provider. If a "Renderer" fallback task is shown, it is a bug. If you have repro steps, please file a new bug and tag it as a dependency of crbug.com/739782.
Aug 28, 2024 22:29:11.46 [21488:11116:0828/222911.160:ERROR:fallback_task_provider.cc(127)] Every renderer should have at least one task provided by a primary task provider. If a "Renderer" fallback task is shown, it is a bug. If you have repro steps, please file a new bug and tag it as a dependency of crbug.com/739782.
Aug 28, 2024 22:29:17.59 [21488:11116:0828/222917.593:ERROR:fallback_task_provider.cc(127)] Every renderer should have at least one task provided by a primary task provider. If a "Renderer" fallback task is shown, it is a bug. If you have repro steps, please file a new bug and tag it as a dependency of crbug.com/739782.
Aug 28, 2024 22:29:38.21 [21488:11116:0828/222938.219:ERROR:fallback_task_provider.cc(127)] Every renderer should have at least one task provided by a primary task provider. If a "Renderer" fallback task is shown, it is a bug. If you have repro steps, please file a new bug and tag it as a dependency of crbug.com/739782.
Aug 28, 2024 22:29:38.67 [21488:11116:0828/222938.669:ERROR:fallback_task_provider.cc(127)] Every renderer should have at least one task provided by a primary task provider. If a "Renderer" fallback task is shown, it is a bug. If you have repro steps, please file a new bug and tag it as a dependency of crbug.com/739782.
Aug 28, 2024 22:29:51.63 [21488:11116:0828/222951.631:ERROR:CONSOLE(2)] "Blocked autofocusing on a <cib-action-bar> element in a cross-origin subframe.", source: https://edgeservices.bing.com/rp/_nrwFLTjEKfy5a5B88gAVOxuNj4.gz.js (2)
Aug 28, 2024 22:29:51.80 [21488:11116:0828/222951.806:ERROR:CONSOLE(2)] "Blocked autofocusing on a <textarea> element in a cross-origin subframe.", source: https://edgeservices.bing.com/rp/_nrwFLTjEKfy5a5B88gAVOxuNj4.gz.js (2)
Aug 28, 2024 22:29:52.08 [21488:11116:0828/222952.082:ERROR:CONSOLE(2)] "Refused to create a TrustedTypePolicy named 'dompurify' because a policy with that name already exists and the Content Security Policy directive does not 'allow-duplicates': "trusted-types default fast-html @azure/ms-rest-js#xml.browser adaptivecards#deprecatedExportedFunctionPolicy adaptivecards#markdownPassthroughPolicy adaptivecards#restoreContentsPolicy dompurify lit-html".", source: https://edgeservices.bing.com/rp/-UAIppANYxiGpRWJy2NDph4qOEw.gz.js (2)
Aug 28, 2024 22:29:53.57 [21488:11116:0828/222953.579:ERROR:CONSOLE(2)] "Blocked autofocusing on a <cib-action-bar> element in a cross-origin subframe.", source: https://edgeservices.bing.com/rp/_nrwFLTjEKfy5a5B88gAVOxuNj4.gz.js (2)
Aug 28, 2024 22:29:53.71 [21488:11116:0828/222953.717:ERROR:CONSOLE(2)] "Blocked autofocusing on a <textarea> element in a cross-origin subframe.", source: https://edgeservices.bing.com/rp/_nrwFLTjEKfy5a5B88gAVOxuNj4.gz.js (2)

Oct 24, 2024 18:06:18.32 NEW SESSION
Oct 24, 2024 18:06:18.33 [7944:32900:1024/180618.309:ERROR:fallback_task_provider.cc(127)] Every renderer should have at least one task provided by a primary task provider. If a "Renderer" fallback task is shown, it is a bug. If you have repro steps, please file a new bug and tag it as a dependency of crbug.com/739782.
Oct 24, 2024 18:06:27.31 [7944:32900:1024/180627.313:ERROR:CONSOLE(2)] "Blocked autofocusing on a <cib-action-bar> element in a cross-origin subframe.", source: https://edgeservices.bing.com/rp/94FqDp-uBngADqTLuZkVe9c8ccc.br.js (2)
Oct 24, 2024 18:06:27.62 [7944:32900:1024/180627.624:ERROR:CONSOLE(2)] "Blocked autofocusing on a <textarea> element in a cross-origin subframe.", source: https://edgeservices.bing.com/rp/94FqDp-uBngADqTLuZkVe9c8ccc.br.js (2)
Oct 24, 2024 18:06:27.69 [7944:32900:1024/180627.692:ERROR:CONSOLE(2)] "Refused to create a TrustedTypePolicy named 'dompurify' because a policy with that name already exists and the Content Security Policy directive does not 'allow-duplicates': "trusted-types default fast-html @azure/ms-rest-js#xml.browser adaptivecards#deprecatedExportedFunctionPolicy adaptivecards#markdownPassthroughPolicy adaptivecards#restoreContentsPolicy dompurify lit-html".", source: https://edgeservices.bing.com/rp/s13bmMn_O0leWsDgDXskAu2MbjY.br.js (2)
Oct 24, 2024 22:08:32.63 [7944:32900:1024/220832.615:ERROR:fallback_task_provider.cc(127)] Every renderer should have at least one task provided by a primary task provider. If a "Renderer" fallback task is shown, it is a bug. If you have repro steps, please file a new bug and tag it as a dependency of crbug.com/739782.
Oct 24, 2024 22:08:33.21 [7944:32900:1024/220833.215:ERROR:fallback_task_provider.cc(127)] Every renderer should have at least one task provided by a primary task provider. If a "Renderer" fallback task is shown, it is a bug. If you have repro steps, please file a new bug and tag it as a dependency of crbug.com/739782.
Oct 24, 2024 22:08:34.63 [7944:32900:1024/220834.632:ERROR:interface_endpoint_client.cc(725)] Message 0 rejected by interface blink.mojom.WidgetHost
Oct 24, 2024 22:08:36.39 [7944:32900:1024/220836.395:ERROR:fallback_task_provider.cc(127)] Every renderer should have at least one task provided by a primary task provider. If a "Renderer" fallback task is shown, it is a bug. If you have repro steps, please file a new bug and tag it as a dependency of crbug.com/739782.
Oct 24, 2024 22:08:41.57 [7944:32900:1024/220841.574:ERROR:fallback_task_provider.cc(127)] Every renderer should have at least one task provided by a primary task provider. If a "Renderer" fallback task is shown, it is a bug. If you have repro steps, please file a new bug and tag it as a dependency of crbug.com/739782.
